<?xml version="1.0" encoding="UTF-8"?>
<coverage generated="1516884562100" clover="3.2.0">
  <project timestamp="1516884562100" name="All files">
    <metrics statements="4" coveredstatements="4" conditionals="6" coveredconditionals="6" methods="1" coveredmethods="1" elements="11" coveredelements="11" complexity="0" loc="4" ncloc="4" packages="1" files="1" classes="1">
      <file name="sum.js" path="C:\Users\UT1\Desktop\prove SE2\pre esame\espreesame\sum.js">
        <metrics statements="4" coveredstatements="4" conditionals="6" coveredconditionals="6" methods="1" coveredmethods="1"/>
        <line num="5" count="7" type="cond" truecount="6" falsecount="0"/>
        <line num="7" count="2" type="stmt"/>
        <line num="12" count="5" type="stmt"/>
        <line num="17" count="1" type="stmt"/>
      </file>
    </metrics>
  </project>
</coverage>
